<?xml version="1.0" encoding="UTF-8"?>
<testng-results ignored="0" total="2" passed="2" failed="0" skipped="0">
  <reporter-output>
  </reporter-output>
  <suite started-at="2022-01-26T10:09:01 IST" name="Suite" finished-at="2022-01-26T10:10:29 IST" duration-ms="87272">
    <groups>
    </groups>
    <test started-at="2022-01-26T10:09:01 IST" name="Test" finished-at="2022-01-26T10:10:29 IST" duration-ms="87272">
      <class name="com.amazon.stepdefinition.ParallelMethods">
        <test-method signature="m1()[pri:0, instance:com.amazon.stepdefinition.ParallelMethods@1b2abca6]" started-at="2022-01-26T10:09:02 IST" name="m1" finished-at="2022-01-26T10:10:11 IST" duration-ms="69889" status="PASS">
          <reporter-output>
          </reporter-output>
        </test-method> <!-- m1 -->
        <test-method signature="launch()[pri:0, instance:com.amazon.stepdefinition.ParallelMethods@1b2abca6]" started-at="2022-01-26T10:09:02 IST" name="launch" finished-at="2022-01-26T10:10:29 IST" duration-ms="87220" status="PASS">
          <reporter-output>
          </reporter-output>
        </test-method> <!-- launch -->
      </class> <!-- com.amazon.stepdefinition.ParallelMethods -->
    </test> <!-- Test -->
  </suite> <!-- Suite -->
</testng-results>
